d:\gitrepos\zodm_c\debug\zodm_c.bsc
d:\userdata\mrugala\my documents\visual studio 2013\projects\zodm_c\zodm_c\debug\zodm_c.pch
d:\userdata\mrugala\my documents\visual studio 2013\projects\zodm_c\zodm_c\debug\vc120.pdb
d:\userdata\mrugala\my documents\visual studio 2013\projects\zodm_c\zodm_c\debug\vc120.idb
d:\userdata\mrugala\my documents\visual studio 2013\projects\zodm_c\zodm_c\debug\stdafx.obj
d:\userdata\mrugala\my documents\visual studio 2013\projects\zodm_c\zodm_c\debug\unittest1.obj
d:\userdata\mrugala\my documents\visual studio 2013\projects\zodm_c\zodm_c\debug\matrix.obj
d:\userdata\mrugala\my documents\visual studio 2013\projects\zodm_c\zodm_c\debug\zodm.obj
d:\gitrepos\zodm_c\zodm_c\debug\zodm_c.pch
d:\gitrepos\zodm_c\zodm_c\debug\vc120.pdb
d:\gitrepos\zodm_c\zodm_c\debug\vc120.idb
d:\gitrepos\zodm_c\zodm_c\debug\stdafx.obj
d:\gitrepos\zodm_c\zodm_c\debug\stdafx.sbr
d:\gitrepos\zodm_c\zodm_c\debug\matrix.obj
d:\gitrepos\zodm_c\zodm_c\debug\zodm.sbr
d:\gitrepos\zodm_c\zodm_c\debug\unittest1.sbr
d:\gitrepos\zodm_c\zodm_c\debug\matrix.sbr
d:\gitrepos\zodm_c\zodm_c\debug\unittest1.obj
d:\gitrepos\zodm_c\zodm_c\debug\zodm.obj
d:\userdata\mrugala\my documents\visual studio 2013\projects\zodm_c\debug\zodm_c.ilk
d:\userdata\mrugala\my documents\visual studio 2013\projects\zodm_c\debug\zodm_c.dll
d:\userdata\mrugala\my documents\visual studio 2013\projects\zodm_c\debug\zodm_c.pdb
d:\gitrepos\zodm_c\debug\zodm_c.ilk
d:\gitrepos\zodm_c\debug\zodm_c.dll
d:\gitrepos\zodm_c\debug\zodm_c.pdb
d:\userdata\mrugala\my documents\visual studio 2013\projects\zodm_c\debug\zodm_c.lib
d:\userdata\mrugala\my documents\visual studio 2013\projects\zodm_c\debug\zodm_c.exp
d:\gitrepos\zodm_c\debug\zodm_c.lib
d:\gitrepos\zodm_c\debug\zodm_c.exp
d:\gitrepos\zodm_c\zodm_c\debug\zodm_c.tlog\bscmake.command.1.tlog
d:\gitrepos\zodm_c\zodm_c\debug\zodm_c.tlog\bscmake.read.1.tlog
d:\gitrepos\zodm_c\zodm_c\debug\zodm_c.tlog\bscmake.write.1.tlog
d:\gitrepos\zodm_c\zodm_c\debug\zodm_c.tlog\cl.command.1.tlog
d:\gitrepos\zodm_c\zodm_c\debug\zodm_c.tlog\cl.read.1.tlog
d:\gitrepos\zodm_c\zodm_c\debug\zodm_c.tlog\cl.write.1.tlog
d:\gitrepos\zodm_c\zodm_c\debug\zodm_c.tlog\link.command.1.tlog
d:\gitrepos\zodm_c\zodm_c\debug\zodm_c.tlog\link.read.1.tlog
d:\gitrepos\zodm_c\zodm_c\debug\zodm_c.tlog\link.write.1.tlog
d:\gitrepos\zodm_c\zodm_c\debug\zodm_c.tlog\zodm_c.write.1u.tlog
